2023-02-23 11:49:57.180  INFO 6920 --- [restartedMain] com.pws.employee.EmployeeApplication     : Starting EmployeeApplication using Java 19.0.1 on DESKTOP-NS565E7 with PID 6920 (I:\New folder (3)\Spring_pacewisdom projects\employee_Service-Chandan\target\classes started by Chandu in I:\New folder (3)\Spring_pacewisdom projects\employee_Service-Chandan)
2023-02-23 11:49:57.185  INFO 6920 --- [restartedMain] com.pws.employee.EmployeeApplication     : No active profile set, falling back to default profiles: default
2023-02-23 11:49:57.257  INFO 6920 --- [restartedMain] .e.DevToolsPropertyDefaultsPostProcessor : Devtools property defaults active! Set 'spring.devtools.add-properties' to 'false' to disable
2023-02-23 11:49:57.258  INFO 6920 --- [restartedMain] .e.DevToolsPropertyDefaultsPostProcessor : For additional web related logging consider setting the 'logging.level.web' property to 'DEBUG'
2023-02-23 11:49:58.436  INFO 6920 --- [restartedMain] .s.d.r.c.RepositoryConfigurationDelegate : Multiple Spring Data modules found, entering strict repository configuration mode!
2023-02-23 11:49:58.438  INFO 6920 --- [restartedMain] .s.d.r.c.RepositoryConfigurationDelegate : Bootstrapping Spring Data JPA repositories in DEFAULT mode.
2023-02-23 11:49:58.626  INFO 6920 --- [restartedMain] .s.d.r.c.RepositoryConfigurationDelegate : Finished Spring Data repository scanning in 180 ms. Found 7 JPA repository interfaces.
2023-02-23 11:49:58.643  INFO 6920 --- [restartedMain] .s.d.r.c.RepositoryConfigurationDelegate : Multiple Spring Data modules found, entering strict repository configuration mode!
2023-02-23 11:49:58.645  INFO 6920 --- [restartedMain] .s.d.r.c.RepositoryConfigurationDelegate : Bootstrapping Spring Data Redis repositories in DEFAULT mode.
2023-02-23 11:49:58.669  INFO 6920 --- [restartedMain] .RepositoryConfigurationExtensionSupport : Spring Data Redis - Could not safely identify store assignment for repository candidate interface com.pws.employee.repository.ModuleRepository. If you want this repository to be a Redis repository, consider annotating your entities with one of these annotations: org.springframework.data.redis.core.RedisHash (preferred), or consider extending one of the following types with your repository: org.springframework.data.keyvalue.repository.KeyValueRepository.
2023-02-23 11:49:58.670  INFO 6920 --- [restartedMain] .RepositoryConfigurationExtensionSupport : Spring Data Redis - Could not safely identify store assignment for repository candidate interface com.pws.employee.repository.PermissionRepository. If you want this repository to be a Redis repository, consider annotating your entities with one of these annotations: org.springframework.data.redis.core.RedisHash (preferred), or consider extending one of the following types with your repository: org.springframework.data.keyvalue.repository.KeyValueRepository.
2023-02-23 11:49:58.672  INFO 6920 --- [restartedMain] .RepositoryConfigurationExtensionSupport : Spring Data Redis - Could not safely identify store assignment for repository candidate interface com.pws.employee.repository.RoleRepository. If you want this repository to be a Redis repository, consider annotating your entities with one of these annotations: org.springframework.data.redis.core.RedisHash (preferred), or consider extending one of the following types with your repository: org.springframework.data.keyvalue.repository.KeyValueRepository.
2023-02-23 11:49:58.672  INFO 6920 --- [restartedMain] .RepositoryConfigurationExtensionSupport : Spring Data Redis - Could not safely identify store assignment for repository candidate interface com.pws.employee.repository.SkillRepository. If you want this repository to be a Redis repository, consider annotating your entities with one of these annotations: org.springframework.data.redis.core.RedisHash (preferred), or consider extending one of the following types with your repository: org.springframework.data.keyvalue.repository.KeyValueRepository.
2023-02-23 11:49:58.674  INFO 6920 --- [restartedMain] .RepositoryConfigurationExtensionSupport : Spring Data Redis - Could not safely identify store assignment for repository candidate interface com.pws.employee.repository.UserRepository. If you want this repository to be a Redis repository, consider annotating your entities with one of these annotations: org.springframework.data.redis.core.RedisHash (preferred), or consider extending one of the following types with your repository: org.springframework.data.keyvalue.repository.KeyValueRepository.
2023-02-23 11:49:58.674  INFO 6920 --- [restartedMain] .RepositoryConfigurationExtensionSupport : Spring Data Redis - Could not safely identify store assignment for repository candidate interface com.pws.employee.repository.UserRoleXrefRepository. If you want this repository to be a Redis repository, consider annotating your entities with one of these annotations: org.springframework.data.redis.core.RedisHash (preferred), or consider extending one of the following types with your repository: org.springframework.data.keyvalue.repository.KeyValueRepository.
2023-02-23 11:49:58.675  INFO 6920 --- [restartedMain] .RepositoryConfigurationExtensionSupport : Spring Data Redis - Could not safely identify store assignment for repository candidate interface com.pws.employee.repository.UserSkillXrefRepository. If you want this repository to be a Redis repository, consider annotating your entities with one of these annotations: org.springframework.data.redis.core.RedisHash (preferred), or consider extending one of the following types with your repository: org.springframework.data.keyvalue.repository.KeyValueRepository.
2023-02-23 11:49:58.675  INFO 6920 --- [restartedMain] .s.d.r.c.RepositoryConfigurationDelegate : Finished Spring Data repository scanning in 15 ms. Found 0 Redis repository interfaces.
2023-02-23 11:49:59.092  INFO 6920 --- [restartedMain] o.s.cloud.context.scope.GenericScope     : BeanFactory id=ceebbcf4-5df9-3bd8-ba08-e627ae5f5e4b
2023-02-23 11:49:59.294  INFO 6920 --- [restartedMain] trationDelegate$BeanPostProcessorChecker : Bean 'org.springframework.cloud.client.loadbalancer.reactive.LoadBalancerBeanPostProcessorAutoConfiguration' of type [org.springframework.cloud.client.loadbalancer.reactive.LoadBalancerBeanPostProcessorAutoConfiguration] is not eligible for getting processed by all BeanPostProcessors (for example: not eligible for auto-proxying)
2023-02-23 11:49:59.297  INFO 6920 --- [restartedMain] trationDelegate$BeanPostProcessorChecker : Bean 'org.springframework.cloud.client.loadbalancer.reactive.LoadBalancerBeanPostProcessorAutoConfiguration$ReactorDeferringLoadBalancerFilterConfig' of type [org.springframework.cloud.client.loadbalancer.reactive.LoadBalancerBeanPostProcessorAutoConfiguration$ReactorDeferringLoadBalancerFilterConfig] is not eligible for getting processed by all BeanPostProcessors (for example: not eligible for auto-proxying)
2023-02-23 11:49:59.300  INFO 6920 --- [restartedMain] trationDelegate$BeanPostProcessorChecker : Bean 'reactorDeferringLoadBalancerExchangeFilterFunction' of type [org.springframework.cloud.client.loadbalancer.reactive.DeferringLoadBalancerExchangeFilterFunction] is not eligible for getting processed by all BeanPostProcessors (for example: not eligible for auto-proxying)
2023-02-23 11:49:59.789  INFO 6920 --- [restartedMain] o.s.b.w.embedded.tomcat.TomcatWebServer  : Tomcat initialized with port(s): 8091 (http)
2023-02-23 11:49:59.801  INFO 6920 --- [restartedMain] o.apache.catalina.core.StandardService   : Starting service [Tomcat]
2023-02-23 11:49:59.801  INFO 6920 --- [restartedMain] org.apache.catalina.core.StandardEngine  : Starting Servlet engine: [Apache Tomcat/9.0.56]
2023-02-23 11:49:59.934  INFO 6920 --- [restartedMain] o.a.c.c.C.[Tomcat].[localhost].[/]       : Initializing Spring embedded WebApplicationContext
2023-02-23 11:49:59.935  INFO 6920 --- [restartedMain] w.s.c.ServletWebServerApplicationContext : Root WebApplicationContext: initialization completed in 2677 ms
2023-02-23 11:50:00.152  INFO 6920 --- [restartedMain] o.hibernate.jpa.internal.util.LogHelper  : HHH000204: Processing PersistenceUnitInfo [name: default]
2023-02-23 11:50:00.218  INFO 6920 --- [restartedMain] org.hibernate.Version                    : HHH000412: Hibernate ORM core version 5.6.3.Final
2023-02-23 11:50:00.435  INFO 6920 --- [restartedMain] o.hibernate.annotations.common.Version   : HCANN000001: Hibernate Commons Annotations {5.1.2.Final}
2023-02-23 11:50:00.543  INFO 6920 --- [restartedMain] com.zaxxer.hikari.HikariDataSource       : HikariPool-1 - Starting...
2023-02-23 11:50:00.791  INFO 6920 --- [restartedMain] com.zaxxer.hikari.HikariDataSource       : HikariPool-1 - Start completed.
2023-02-23 11:50:00.807  INFO 6920 --- [restartedMain] org.hibernate.dialect.Dialect            : HHH000400: Using dialect: org.hibernate.dialect.MySQL5Dialect
2023-02-23 11:50:01.782  INFO 6920 --- [restartedMain] o.h.e.t.j.p.i.JtaPlatformInitiator       : HHH000490: Using JtaPlatform implementation: [org.hibernate.engine.transaction.jta.platform.internal.NoJtaPlatform]
2023-02-23 11:50:01.789  INFO 6920 --- [restartedMain] j.LocalContainerEntityManagerFactoryBean : Initialized JPA EntityManagerFactory for persistence unit 'default'
2023-02-23 11:50:02.310  WARN 6920 --- [restartedMain] JpaBaseConfiguration$JpaWebConfiguration : spring.jpa.open-in-view is enabled by default. Therefore, database queries may be performed during view rendering. Explicitly configure spring.jpa.open-in-view to disable this warning
2023-02-23 11:50:03.627  INFO 6920 --- [restartedMain] o.s.cloud.commons.util.InetUtils         : Cannot determine local hostname
2023-02-23 11:50:03.804  INFO 6920 --- [restartedMain] o.s.s.web.DefaultSecurityFilterChain     : Will secure any request with [org.springframework.security.web.context.request.async.WebAsyncManagerIntegrationFilter@5c57df37, org.springframework.security.web.context.SecurityContextPersistenceFilter@75be468a, org.springframework.security.web.header.HeaderWriterFilter@74b92737, org.springframework.security.web.authentication.logout.LogoutFilter@148d836e, com.pws.employee.security.jwt.config.JwtFilter@1e99faa3, org.springframework.security.web.savedrequest.RequestCacheAwareFilter@3437cc21, org.springframework.security.web.servletapi.SecurityContextHolderAwareRequestFilter@5d32c871, org.springframework.security.web.authentication.AnonymousAuthenticationFilter@4b9e8d0a, org.springframework.security.web.session.SessionManagementFilter@661497e8, org.springframework.security.web.access.ExceptionTranslationFilter@6fd8de39, org.springframework.security.web.access.intercept.FilterSecurityInterceptor@249d34ed]
2023-02-23 11:50:05.459  WARN 6920 --- [restartedMain] o.s.b.d.a.OptionalLiveReloadServer       : Unable to start LiveReload server
2023-02-23 11:50:05.470  INFO 6920 --- [restartedMain] DiscoveryClientOptionalArgsConfiguration : Eureka HTTP Client uses RestTemplate.
2023-02-23 11:50:06.594  INFO 6920 --- [restartedMain] o.s.cloud.commons.util.InetUtils         : Cannot determine local hostname
2023-02-23 11:50:07.677  INFO 6920 --- [restartedMain] o.s.cloud.commons.util.InetUtils         : Cannot determine local hostname
2023-02-23 11:50:07.756  WARN 6920 --- [restartedMain] iguration$LoadBalancerCaffeineWarnLogger : Spring Cloud LoadBalancer is currently working with the default cache. You can switch to using Caffeine cache, by adding it and org.springframework.cache.caffeine.CaffeineCacheManager to the classpath.
2023-02-23 11:50:07.787  INFO 6920 --- [restartedMain] o.s.c.n.eureka.InstanceInfoFactory       : Setting initial instance status as: STARTING
2023-02-23 11:50:07.938  INFO 6920 --- [restartedMain] com.netflix.discovery.DiscoveryClient    : Initializing Eureka in region us-east-1
2023-02-23 11:50:07.944  INFO 6920 --- [restartedMain] c.n.d.s.r.aws.ConfigClusterResolver      : Resolving eureka endpoints via configuration
2023-02-23 11:50:07.970  INFO 6920 --- [restartedMain] com.netflix.discovery.DiscoveryClient    : Disable delta property : false
2023-02-23 11:50:07.970  INFO 6920 --- [restartedMain] com.netflix.discovery.DiscoveryClient    : Single vip registry refresh property : null
2023-02-23 11:50:07.970  INFO 6920 --- [restartedMain] com.netflix.discovery.DiscoveryClient    : Force full registry fetch : false
2023-02-23 11:50:07.970  INFO 6920 --- [restartedMain] com.netflix.discovery.DiscoveryClient    : Application is null : false
2023-02-23 11:50:07.970  INFO 6920 --- [restartedMain] com.netflix.discovery.DiscoveryClient    : Registered Applications size is zero : true
2023-02-23 11:50:07.970  INFO 6920 --- [restartedMain] com.netflix.discovery.DiscoveryClient    : Application version is -1: true
2023-02-23 11:50:07.970  INFO 6920 --- [restartedMain] com.netflix.discovery.DiscoveryClient    : Getting all instance registry info from the eureka server
2023-02-23 11:50:08.282  INFO 6920 --- [restartedMain] com.netflix.discovery.DiscoveryClient    : The response status is 200
2023-02-23 11:50:08.286  INFO 6920 --- [restartedMain] com.netflix.discovery.DiscoveryClient    : Starting heartbeat executor: renew interval is: 30
2023-02-23 11:50:08.289  INFO 6920 --- [restartedMain] c.n.discovery.InstanceInfoReplicator     : InstanceInfoReplicator onDemand update allowed rate per min is 4
2023-02-23 11:50:08.295  INFO 6920 --- [restartedMain] com.netflix.discovery.DiscoveryClient    : Discovery Client initialized at timestamp 1677133208294 with initial instances count: 1
2023-02-23 11:50:08.297  INFO 6920 --- [restartedMain] o.s.c.n.e.s.EurekaServiceRegistry        : Registering application EMPLOYEE-SERVICE with eureka with status UP
2023-02-23 11:50:08.298  INFO 6920 --- [restartedMain] com.netflix.discovery.DiscoveryClient    : Saw local status change event StatusChangeEvent [timestamp=1677133208298, current=UP, previous=STARTING]
2023-02-23 11:50:08.300  INFO 6920 --- [DiscoveryClient-InstanceInfoReplicator-0] com.netflix.discovery.DiscoveryClient    : DiscoveryClient_EMPLOYEE-SERVICE/localhost:Employee-service:8091: registering service...
2023-02-23 11:50:08.324  INFO 6920 --- [restartedMain] o.s.b.w.embedded.tomcat.TomcatWebServer  : Tomcat started on port(s): 8091 (http) with context path ''
2023-02-23 11:50:08.325  INFO 6920 --- [restartedMain] .s.c.n.e.s.EurekaAutoServiceRegistration : Updating port to 8091
2023-02-23 11:50:08.349  INFO 6920 --- [DiscoveryClient-InstanceInfoReplicator-0] com.netflix.discovery.DiscoveryClient    : DiscoveryClient_EMPLOYEE-SERVICE/localhost:Employee-service:8091 - registration status: 204
2023-02-23 11:50:09.401  INFO 6920 --- [restartedMain] o.s.cloud.commons.util.InetUtils         : Cannot determine local hostname
2023-02-23 11:50:10.461  INFO 6920 --- [restartedMain] o.s.cloud.commons.util.InetUtils         : Cannot determine local hostname
2023-02-23 11:50:10.475  INFO 6920 --- [restartedMain] com.pws.employee.EmployeeApplication     : Started EmployeeApplication in 14.941 seconds (JVM running for 15.735)
2023-02-23 11:52:01.704  INFO 6920 --- [SpringApplicationShutdownHook] o.s.c.n.e.s.EurekaServiceRegistry        : Unregistering application EMPLOYEE-SERVICE with eureka with status DOWN
2023-02-23 11:52:01.704  INFO 6920 --- [SpringApplicationShutdownHook] com.netflix.discovery.DiscoveryClient    : Saw local status change event StatusChangeEvent [timestamp=1677133321704, current=DOWN, previous=UP]
2023-02-23 11:52:01.705  INFO 6920 --- [DiscoveryClient-InstanceInfoReplicator-0] com.netflix.discovery.DiscoveryClient    : DiscoveryClient_EMPLOYEE-SERVICE/localhost:Employee-service:8091: registering service...
2023-02-23 11:52:01.714  INFO 6920 --- [DiscoveryClient-InstanceInfoReplicator-0] com.netflix.discovery.DiscoveryClient    : DiscoveryClient_EMPLOYEE-SERVICE/localhost:Employee-service:8091 - registration status: 204
2023-02-23 11:52:01.758  INFO 6920 --- [SpringApplicationShutdownHook] j.LocalContainerEntityManagerFactoryBean : Closing JPA EntityManagerFactory for persistence unit 'default'
2023-02-23 11:52:01.763  INFO 6920 --- [SpringApplicationShutdownHook] com.zaxxer.hikari.HikariDataSource       : HikariPool-1 - Shutdown initiated...
2023-02-23 11:52:01.779  INFO 6920 --- [SpringApplicationShutdownHook] com.zaxxer.hikari.HikariDataSource       : HikariPool-1 - Shutdown completed.
2023-02-23 11:52:01.780  INFO 6920 --- [SpringApplicationShutdownHook] com.netflix.discovery.DiscoveryClient    : Shutting down DiscoveryClient ...
2023-02-23 11:52:04.789  INFO 6920 --- [SpringApplicationShutdownHook] com.netflix.discovery.DiscoveryClient    : Unregistering ...
2023-02-23 11:52:04.797  INFO 6920 --- [SpringApplicationShutdownHook] com.netflix.discovery.DiscoveryClient    : DiscoveryClient_EMPLOYEE-SERVICE/localhost:Employee-service:8091 - deregister  status: 200
2023-02-23 11:52:04.801  INFO 6920 --- [SpringApplicationShutdownHook] com.netflix.discovery.DiscoveryClient    : Completed shut down of DiscoveryClient
2023-02-23 11:52:09.429  INFO 4432 --- [restartedMain] com.pws.employee.EmployeeApplication     : Starting EmployeeApplication using Java 19.0.1 on DESKTOP-NS565E7 with PID 4432 (I:\New folder (3)\Spring_pacewisdom projects\employee_Service-Chandan\target\classes started by Chandu in I:\New folder (3)\Spring_pacewisdom projects\employee_Service-Chandan)
2023-02-23 11:52:09.430  INFO 4432 --- [restartedMain] com.pws.employee.EmployeeApplication     : No active profile set, falling back to default profiles: default
2023-02-23 11:52:09.494  INFO 4432 --- [restartedMain] .e.DevToolsPropertyDefaultsPostProcessor : Devtools property defaults active! Set 'spring.devtools.add-properties' to 'false' to disable
2023-02-23 11:52:09.495  INFO 4432 --- [restartedMain] .e.DevToolsPropertyDefaultsPostProcessor : For additional web related logging consider setting the 'logging.level.web' property to 'DEBUG'
2023-02-23 11:52:10.757  INFO 4432 --- [restartedMain] .s.d.r.c.RepositoryConfigurationDelegate : Multiple Spring Data modules found, entering strict repository configuration mode!
2023-02-23 11:52:10.759  INFO 4432 --- [restartedMain] .s.d.r.c.RepositoryConfigurationDelegate : Bootstrapping Spring Data JPA repositories in DEFAULT mode.
2023-02-23 11:52:11.136  INFO 4432 --- [restartedMain] .s.d.r.c.RepositoryConfigurationDelegate : Finished Spring Data repository scanning in 368 ms. Found 7 JPA repository interfaces.
2023-02-23 11:52:11.152  INFO 4432 --- [restartedMain] .s.d.r.c.RepositoryConfigurationDelegate : Multiple Spring Data modules found, entering strict repository configuration mode!
2023-02-23 11:52:11.153  INFO 4432 --- [restartedMain] .s.d.r.c.RepositoryConfigurationDelegate : Bootstrapping Spring Data Redis repositories in DEFAULT mode.
2023-02-23 11:52:11.173  INFO 4432 --- [restartedMain] .RepositoryConfigurationExtensionSupport : Spring Data Redis - Could not safely identify store assignment for repository candidate interface com.pws.employee.repository.ModuleRepository. If you want this repository to be a Redis repository, consider annotating your entities with one of these annotations: org.springframework.data.redis.core.RedisHash (preferred), or consider extending one of the following types with your repository: org.springframework.data.keyvalue.repository.KeyValueRepository.
2023-02-23 11:52:11.174  INFO 4432 --- [restartedMain] .RepositoryConfigurationExtensionSupport : Spring Data Redis - Could not safely identify store assignment for repository candidate interface com.pws.employee.repository.PermissionRepository. If you want this repository to be a Redis repository, consider annotating your entities with one of these annotations: org.springframework.data.redis.core.RedisHash (preferred), or consider extending one of the following types with your repository: org.springframework.data.keyvalue.repository.KeyValueRepository.
2023-02-23 11:52:11.175  INFO 4432 --- [restartedMain] .RepositoryConfigurationExtensionSupport : Spring Data Redis - Could not safely identify store assignment for repository candidate interface com.pws.employee.repository.RoleRepository. If you want this repository to be a Redis repository, consider annotating your entities with one of these annotations: org.springframework.data.redis.core.RedisHash (preferred), or consider extending one of the following types with your repository: org.springframework.data.keyvalue.repository.KeyValueRepository.
2023-02-23 11:52:11.176  INFO 4432 --- [restartedMain] .RepositoryConfigurationExtensionSupport : Spring Data Redis - Could not safely identify store assignment for repository candidate interface com.pws.employee.repository.SkillRepository. If you want this repository to be a Redis repository, consider annotating your entities with one of these annotations: org.springframework.data.redis.core.RedisHash (preferred), or consider extending one of the following types with your repository: org.springframework.data.keyvalue.repository.KeyValueRepository.
2023-02-23 11:52:11.177  INFO 4432 --- [restartedMain] .RepositoryConfigurationExtensionSupport : Spring Data Redis - Could not safely identify store assignment for repository candidate interface com.pws.employee.repository.UserRepository. If you want this repository to be a Redis repository, consider annotating your entities with one of these annotations: org.springframework.data.redis.core.RedisHash (preferred), or consider extending one of the following types with your repository: org.springframework.data.keyvalue.repository.KeyValueRepository.
2023-02-23 11:52:11.177  INFO 4432 --- [restartedMain] .RepositoryConfigurationExtensionSupport : Spring Data Redis - Could not safely identify store assignment for repository candidate interface com.pws.employee.repository.UserRoleXrefRepository. If you want this repository to be a Redis repository, consider annotating your entities with one of these annotations: org.springframework.data.redis.core.RedisHash (preferred), or consider extending one of the following types with your repository: org.springframework.data.keyvalue.repository.KeyValueRepository.
2023-02-23 11:52:11.178  INFO 4432 --- [restartedMain] .RepositoryConfigurationExtensionSupport : Spring Data Redis - Could not safely identify store assignment for repository candidate interface com.pws.employee.repository.UserSkillXrefRepository. If you want this repository to be a Redis repository, consider annotating your entities with one of these annotations: org.springframework.data.redis.core.RedisHash (preferred), or consider extending one of the following types with your repository: org.springframework.data.keyvalue.repository.KeyValueRepository.
2023-02-23 11:52:11.178  INFO 4432 --- [restartedMain] .s.d.r.c.RepositoryConfigurationDelegate : Finished Spring Data repository scanning in 13 ms. Found 0 Redis repository interfaces.
2023-02-23 11:52:11.579  INFO 4432 --- [restartedMain] o.s.cloud.context.scope.GenericScope     : BeanFactory id=ceebbcf4-5df9-3bd8-ba08-e627ae5f5e4b
2023-02-23 11:52:11.789  INFO 4432 --- [restartedMain] trationDelegate$BeanPostProcessorChecker : Bean 'org.springframework.cloud.client.loadbalancer.reactive.LoadBalancerBeanPostProcessorAutoConfiguration' of type [org.springframework.cloud.client.loadbalancer.reactive.LoadBalancerBeanPostProcessorAutoConfiguration] is not eligible for getting processed by all BeanPostProcessors (for example: not eligible for auto-proxying)
2023-02-23 11:52:11.791  INFO 4432 --- [restartedMain] trationDelegate$BeanPostProcessorChecker : Bean 'org.springframework.cloud.client.loadbalancer.reactive.LoadBalancerBeanPostProcessorAutoConfiguration$ReactorDeferringLoadBalancerFilterConfig' of type [org.springframework.cloud.client.loadbalancer.reactive.LoadBalancerBeanPostProcessorAutoConfiguration$ReactorDeferringLoadBalancerFilterConfig] is not eligible for getting processed by all BeanPostProcessors (for example: not eligible for auto-proxying)
2023-02-23 11:52:11.792  INFO 4432 --- [restartedMain] trationDelegate$BeanPostProcessorChecker : Bean 'reactorDeferringLoadBalancerExchangeFilterFunction' of type [org.springframework.cloud.client.loadbalancer.reactive.DeferringLoadBalancerExchangeFilterFunction] is not eligible for getting processed by all BeanPostProcessors (for example: not eligible for auto-proxying)
2023-02-23 11:52:12.269  INFO 4432 --- [restartedMain] o.s.b.w.embedded.tomcat.TomcatWebServer  : Tomcat initialized with port(s): 8091 (http)
2023-02-23 11:52:12.281  INFO 4432 --- [restartedMain] o.apache.catalina.core.StandardService   : Starting service [Tomcat]
2023-02-23 11:52:12.281  INFO 4432 --- [restartedMain] org.apache.catalina.core.StandardEngine  : Starting Servlet engine: [Apache Tomcat/9.0.56]
2023-02-23 11:52:12.392  INFO 4432 --- [restartedMain] o.a.c.c.C.[Tomcat].[localhost].[/]       : Initializing Spring embedded WebApplicationContext
2023-02-23 11:52:12.392  INFO 4432 --- [restartedMain] w.s.c.ServletWebServerApplicationContext : Root WebApplicationContext: initialization completed in 2897 ms
2023-02-23 11:52:12.583  INFO 4432 --- [restartedMain] o.hibernate.jpa.internal.util.LogHelper  : HHH000204: Processing PersistenceUnitInfo [name: default]
2023-02-23 11:52:12.662  INFO 4432 --- [restartedMain] org.hibernate.Version                    : HHH000412: Hibernate ORM core version 5.6.3.Final
2023-02-23 11:52:12.861  INFO 4432 --- [restartedMain] o.hibernate.annotations.common.Version   : HCANN000001: Hibernate Commons Annotations {5.1.2.Final}
2023-02-23 11:52:12.980  INFO 4432 --- [restartedMain] com.zaxxer.hikari.HikariDataSource       : HikariPool-1 - Starting...
2023-02-23 11:52:13.298  INFO 4432 --- [restartedMain] com.zaxxer.hikari.HikariDataSource       : HikariPool-1 - Start completed.
2023-02-23 11:52:13.313  INFO 4432 --- [restartedMain] org.hibernate.dialect.Dialect            : HHH000400: Using dialect: org.hibernate.dialect.MySQL5Dialect
2023-02-23 11:52:14.259  INFO 4432 --- [restartedMain] o.h.e.t.j.p.i.JtaPlatformInitiator       : HHH000490: Using JtaPlatform implementation: [org.hibernate.engine.transaction.jta.platform.internal.NoJtaPlatform]
2023-02-23 11:52:14.269  INFO 4432 --- [restartedMain] j.LocalContainerEntityManagerFactoryBean : Initialized JPA EntityManagerFactory for persistence unit 'default'
2023-02-23 11:52:14.843  WARN 4432 --- [restartedMain] JpaBaseConfiguration$JpaWebConfiguration : spring.jpa.open-in-view is enabled by default. Therefore, database queries may be performed during view rendering. Explicitly configure spring.jpa.open-in-view to disable this warning
2023-02-23 11:52:16.101  INFO 4432 --- [restartedMain] o.s.cloud.commons.util.InetUtils         : Cannot determine local hostname
2023-02-23 11:52:16.287  INFO 4432 --- [restartedMain] o.s.s.web.DefaultSecurityFilterChain     : Will secure any request with [org.springframework.security.web.context.request.async.WebAsyncManagerIntegrationFilter@412acd3d, org.springframework.security.web.context.SecurityContextPersistenceFilter@6703e8d7, org.springframework.security.web.header.HeaderWriterFilter@52d2cd3e, org.springframework.security.web.authentication.logout.LogoutFilter@14ec9dc9, com.pws.employee.security.jwt.config.JwtFilter@55052c70, org.springframework.security.web.savedrequest.RequestCacheAwareFilter@2649c5fc, org.springframework.security.web.servletapi.SecurityContextHolderAwareRequestFilter@6c9d95be, org.springframework.security.web.authentication.AnonymousAuthenticationFilter@57b5382c, org.springframework.security.web.session.SessionManagementFilter@1ad1a3e7, org.springframework.security.web.access.ExceptionTranslationFilter@61ec1dac, org.springframework.security.web.access.intercept.FilterSecurityInterceptor@4482dc3b]
2023-02-23 11:52:17.719  WARN 4432 --- [restartedMain] o.s.b.d.a.OptionalLiveReloadServer       : Unable to start LiveReload server
2023-02-23 11:52:17.730  INFO 4432 --- [restartedMain] DiscoveryClientOptionalArgsConfiguration : Eureka HTTP Client uses RestTemplate.
2023-02-23 11:52:18.841  INFO 4432 --- [restartedMain] o.s.cloud.commons.util.InetUtils         : Cannot determine local hostname
2023-02-23 11:52:19.921  INFO 4432 --- [restartedMain] o.s.cloud.commons.util.InetUtils         : Cannot determine local hostname
2023-02-23 11:52:19.991  WARN 4432 --- [restartedMain] iguration$LoadBalancerCaffeineWarnLogger : Spring Cloud LoadBalancer is currently working with the default cache. You can switch to using Caffeine cache, by adding it and org.springframework.cache.caffeine.CaffeineCacheManager to the classpath.
2023-02-23 11:52:20.020  INFO 4432 --- [restartedMain] o.s.c.n.eureka.InstanceInfoFactory       : Setting initial instance status as: STARTING
2023-02-23 11:52:20.163  INFO 4432 --- [restartedMain] com.netflix.discovery.DiscoveryClient    : Initializing Eureka in region us-east-1
2023-02-23 11:52:20.168  INFO 4432 --- [restartedMain] c.n.d.s.r.aws.ConfigClusterResolver      : Resolving eureka endpoints via configuration
2023-02-23 11:52:20.190  INFO 4432 --- [restartedMain] com.netflix.discovery.DiscoveryClient    : Disable delta property : false
2023-02-23 11:52:20.190  INFO 4432 --- [restartedMain] com.netflix.discovery.DiscoveryClient    : Single vip registry refresh property : null
2023-02-23 11:52:20.190  INFO 4432 --- [restartedMain] com.netflix.discovery.DiscoveryClient    : Force full registry fetch : false
2023-02-23 11:52:20.190  INFO 4432 --- [restartedMain] com.netflix.discovery.DiscoveryClient    : Application is null : false
2023-02-23 11:52:20.191  INFO 4432 --- [restartedMain] com.netflix.discovery.DiscoveryClient    : Registered Applications size is zero : true
2023-02-23 11:52:20.191  INFO 4432 --- [restartedMain] com.netflix.discovery.DiscoveryClient    : Application version is -1: true
2023-02-23 11:52:20.191  INFO 4432 --- [restartedMain] com.netflix.discovery.DiscoveryClient    : Getting all instance registry info from the eureka server
2023-02-23 11:52:20.473  INFO 4432 --- [restartedMain] com.netflix.discovery.DiscoveryClient    : The response status is 200
2023-02-23 11:52:20.476  INFO 4432 --- [restartedMain] com.netflix.discovery.DiscoveryClient    : Starting heartbeat executor: renew interval is: 30
2023-02-23 11:52:20.479  INFO 4432 --- [restartedMain] c.n.discovery.InstanceInfoReplicator     : InstanceInfoReplicator onDemand update allowed rate per min is 4
2023-02-23 11:52:20.486  INFO 4432 --- [restartedMain] com.netflix.discovery.DiscoveryClient    : Discovery Client initialized at timestamp 1677133340484 with initial instances count: 3
2023-02-23 11:52:20.488  INFO 4432 --- [restartedMain] o.s.c.n.e.s.EurekaServiceRegistry        : Registering application EMPLOYEE-SERVICE with eureka with status UP
2023-02-23 11:52:20.489  INFO 4432 --- [restartedMain] com.netflix.discovery.DiscoveryClient    : Saw local status change event StatusChangeEvent [timestamp=1677133340489, current=UP, previous=STARTING]
2023-02-23 11:52:20.490  INFO 4432 --- [DiscoveryClient-InstanceInfoReplicator-0] com.netflix.discovery.DiscoveryClient    : DiscoveryClient_EMPLOYEE-SERVICE/localhost:Employee-service:8091: registering service...
2023-02-23 11:52:20.510  INFO 4432 --- [restartedMain] o.s.b.w.embedded.tomcat.TomcatWebServer  : Tomcat started on port(s): 8091 (http) with context path ''
2023-02-23 11:52:20.511  INFO 4432 --- [restartedMain] .s.c.n.e.s.EurekaAutoServiceRegistration : Updating port to 8091
2023-02-23 11:52:20.529  INFO 4432 --- [DiscoveryClient-InstanceInfoReplicator-0] com.netflix.discovery.DiscoveryClient    : DiscoveryClient_EMPLOYEE-SERVICE/localhost:Employee-service:8091 - registration status: 204
2023-02-23 11:52:21.581  INFO 4432 --- [restartedMain] o.s.cloud.commons.util.InetUtils         : Cannot determine local hostname
2023-02-23 11:52:22.643  INFO 4432 --- [restartedMain] o.s.cloud.commons.util.InetUtils         : Cannot determine local hostname
2023-02-23 11:52:22.655  INFO 4432 --- [restartedMain] com.pws.employee.EmployeeApplication     : Started EmployeeApplication in 14.859 seconds (JVM running for 15.628)
2023-02-23 11:57:20.207  INFO 4432 --- [AsyncResolver-bootstrap-executor-0] c.n.d.s.r.aws.ConfigClusterResolver      : Resolving eureka endpoints via configuration
2023-02-23 12:02:20.222  INFO 4432 --- [AsyncResolver-bootstrap-executor-0] c.n.d.s.r.aws.ConfigClusterResolver      : Resolving eureka endpoints via configuration
2023-02-23 12:05:57.043  INFO 4432 --- [SpringApplicationShutdownHook] o.s.c.n.e.s.EurekaServiceRegistry        : Unregistering application EMPLOYEE-SERVICE with eureka with status DOWN
2023-02-23 12:05:57.043  INFO 4432 --- [SpringApplicationShutdownHook] com.netflix.discovery.DiscoveryClient    : Saw local status change event StatusChangeEvent [timestamp=1677134157043, current=DOWN, previous=UP]
2023-02-23 12:05:57.141  INFO 4432 --- [DiscoveryClient-InstanceInfoReplicator-0] com.netflix.discovery.DiscoveryClient    : DiscoveryClient_EMPLOYEE-SERVICE/localhost:Employee-service:8091: registering service...
2023-02-23 12:05:57.150  INFO 4432 --- [DiscoveryClient-InstanceInfoReplicator-0] com.netflix.discovery.DiscoveryClient    : DiscoveryClient_EMPLOYEE-SERVICE/localhost:Employee-service:8091 - registration status: 204
2023-02-23 12:05:57.181  INFO 4432 --- [SpringApplicationShutdownHook] j.LocalContainerEntityManagerFactoryBean : Closing JPA EntityManagerFactory for persistence unit 'default'
2023-02-23 12:05:57.184  INFO 4432 --- [SpringApplicationShutdownHook] com.zaxxer.hikari.HikariDataSource       : HikariPool-1 - Shutdown initiated...
2023-02-23 12:05:57.192  INFO 4432 --- [SpringApplicationShutdownHook] com.zaxxer.hikari.HikariDataSource       : HikariPool-1 - Shutdown completed.
2023-02-23 12:05:57.193  INFO 4432 --- [SpringApplicationShutdownHook] com.netflix.discovery.DiscoveryClient    : Shutting down DiscoveryClient ...
2023-02-23 12:06:00.208  INFO 4432 --- [SpringApplicationShutdownHook] com.netflix.discovery.DiscoveryClient    : Unregistering ...
2023-02-23 12:06:00.216  INFO 4432 --- [SpringApplicationShutdownHook] com.netflix.discovery.DiscoveryClient    : DiscoveryClient_EMPLOYEE-SERVICE/localhost:Employee-service:8091 - deregister  status: 200
2023-02-23 12:06:00.220  INFO 4432 --- [SpringApplicationShutdownHook] com.netflix.discovery.DiscoveryClient    : Completed shut down of DiscoveryClient
2023-02-23 12:06:07.019  INFO 2816 --- [restartedMain] com.pws.employee.EmployeeApplication     : Starting EmployeeApplication using Java 19.0.1 on DESKTOP-NS565E7 with PID 2816 (I:\New folder (3)\Spring_pacewisdom projects\employee_Service-Chandan\target\classes started by Chandu in I:\New folder (3)\Spring_pacewisdom projects\employee_Service-Chandan)
2023-02-23 12:06:07.020  INFO 2816 --- [restartedMain] com.pws.employee.EmployeeApplication     : No active profile set, falling back to default profiles: default
2023-02-23 12:06:07.082  INFO 2816 --- [restartedMain] .e.DevToolsPropertyDefaultsPostProcessor : Devtools property defaults active! Set 'spring.devtools.add-properties' to 'false' to disable
2023-02-23 12:06:07.082  INFO 2816 --- [restartedMain] .e.DevToolsPropertyDefaultsPostProcessor : For additional web related logging consider setting the 'logging.level.web' property to 'DEBUG'
2023-02-23 12:06:08.355  INFO 2816 --- [restartedMain] .s.d.r.c.RepositoryConfigurationDelegate : Multiple Spring Data modules found, entering strict repository configuration mode!
2023-02-23 12:06:08.357  INFO 2816 --- [restartedMain] .s.d.r.c.RepositoryConfigurationDelegate : Bootstrapping Spring Data JPA repositories in DEFAULT mode.
2023-02-23 12:06:08.548  INFO 2816 --- [restartedMain] .s.d.r.c.RepositoryConfigurationDelegate : Finished Spring Data repository scanning in 181 ms. Found 7 JPA repository interfaces.
2023-02-23 12:06:08.571  INFO 2816 --- [restartedMain] .s.d.r.c.RepositoryConfigurationDelegate : Multiple Spring Data modules found, entering strict repository configuration mode!
2023-02-23 12:06:08.573  INFO 2816 --- [restartedMain] .s.d.r.c.RepositoryConfigurationDelegate : Bootstrapping Spring Data Redis repositories in DEFAULT mode.
2023-02-23 12:06:08.597  INFO 2816 --- [restartedMain] .RepositoryConfigurationExtensionSupport : Spring Data Redis - Could not safely identify store assignment for repository candidate interface com.pws.employee.repository.ModuleRepository. If you want this repository to be a Redis repository, consider annotating your entities with one of these annotations: org.springframework.data.redis.core.RedisHash (preferred), or consider extending one of the following types with your repository: org.springframework.data.keyvalue.repository.KeyValueRepository.
2023-02-23 12:06:08.598  INFO 2816 --- [restartedMain] .RepositoryConfigurationExtensionSupport : Spring Data Redis - Could not safely identify store assignment for repository candidate interface com.pws.employee.repository.PermissionRepository. If you want this repository to be a Redis repository, consider annotating your entities with one of these annotations: org.springframework.data.redis.core.RedisHash (preferred), or consider extending one of the following types with your repository: org.springframework.data.keyvalue.repository.KeyValueRepository.
2023-02-23 12:06:08.599  INFO 2816 --- [restartedMain] .RepositoryConfigurationExtensionSupport : Spring Data Redis - Could not safely identify store assignment for repository candidate interface com.pws.employee.repository.RoleRepository. If you want this repository to be a Redis repository, consider annotating your entities with one of these annotations: org.springframework.data.redis.core.RedisHash (preferred), or consider extending one of the following types with your repository: org.springframework.data.keyvalue.repository.KeyValueRepository.
2023-02-23 12:06:08.600  INFO 2816 --- [restartedMain] .RepositoryConfigurationExtensionSupport : Spring Data Redis - Could not safely identify store assignment for repository candidate interface com.pws.employee.repository.SkillRepository. If you want this repository to be a Redis repository, consider annotating your entities with one of these annotations: org.springframework.data.redis.core.RedisHash (preferred), or consider extending one of the following types with your repository: org.springframework.data.keyvalue.repository.KeyValueRepository.
2023-02-23 12:06:08.601  INFO 2816 --- [restartedMain] .RepositoryConfigurationExtensionSupport : Spring Data Redis - Could not safely identify store assignment for repository candidate interface com.pws.employee.repository.UserRepository. If you want this repository to be a Redis repository, consider annotating your entities with one of these annotations: org.springframework.data.redis.core.RedisHash (preferred), or consider extending one of the following types with your repository: org.springframework.data.keyvalue.repository.KeyValueRepository.
2023-02-23 12:06:08.602  INFO 2816 --- [restartedMain] .RepositoryConfigurationExtensionSupport : Spring Data Redis - Could not safely identify store assignment for repository candidate interface com.pws.employee.repository.UserRoleXrefRepository. If you want this repository to be a Redis repository, consider annotating your entities with one of these annotations: org.springframework.data.redis.core.RedisHash (preferred), or consider extending one of the following types with your repository: org.springframework.data.keyvalue.repository.KeyValueRepository.
2023-02-23 12:06:08.602  INFO 2816 --- [restartedMain] .RepositoryConfigurationExtensionSupport : Spring Data Redis - Could not safely identify store assignment for repository candidate interface com.pws.employee.repository.UserSkillXrefRepository. If you want this repository to be a Redis repository, consider annotating your entities with one of these annotations: org.springframework.data.redis.core.RedisHash (preferred), or consider extending one of the following types with your repository: org.springframework.data.keyvalue.repository.KeyValueRepository.
2023-02-23 12:06:08.603  INFO 2816 --- [restartedMain] .s.d.r.c.RepositoryConfigurationDelegate : Finished Spring Data repository scanning in 16 ms. Found 0 Redis repository interfaces.
2023-02-23 12:06:09.183  INFO 2816 --- [restartedMain] o.s.cloud.context.scope.GenericScope     : BeanFactory id=ceebbcf4-5df9-3bd8-ba08-e627ae5f5e4b
2023-02-23 12:06:09.470  INFO 2816 --- [restartedMain] trationDelegate$BeanPostProcessorChecker : Bean 'org.springframework.cloud.client.loadbalancer.reactive.LoadBalancerBeanPostProcessorAutoConfiguration' of type [org.springframework.cloud.client.loadbalancer.reactive.LoadBalancerBeanPostProcessorAutoConfiguration] is not eligible for getting processed by all BeanPostProcessors (for example: not eligible for auto-proxying)
2023-02-23 12:06:09.474  INFO 2816 --- [restartedMain] trationDelegate$BeanPostProcessorChecker : Bean 'org.springframework.cloud.client.loadbalancer.reactive.LoadBalancerBeanPostProcessorAutoConfiguration$ReactorDeferringLoadBalancerFilterConfig' of type [org.springframework.cloud.client.loadbalancer.reactive.LoadBalancerBeanPostProcessorAutoConfiguration$ReactorDeferringLoadBalancerFilterConfig] is not eligible for getting processed by all BeanPostProcessors (for example: not eligible for auto-proxying)
2023-02-23 12:06:09.476  INFO 2816 --- [restartedMain] trationDelegate$BeanPostProcessorChecker : Bean 'reactorDeferringLoadBalancerExchangeFilterFunction' of type [org.springframework.cloud.client.loadbalancer.reactive.DeferringLoadBalancerExchangeFilterFunction] is not eligible for getting processed by all BeanPostProcessors (for example: not eligible for auto-proxying)
2023-02-23 12:06:10.020  INFO 2816 --- [restartedMain] o.s.b.w.embedded.tomcat.TomcatWebServer  : Tomcat initialized with port(s): 8091 (http)
2023-02-23 12:06:10.032  INFO 2816 --- [restartedMain] o.apache.catalina.core.StandardService   : Starting service [Tomcat]
2023-02-23 12:06:10.032  INFO 2816 --- [restartedMain] org.apache.catalina.core.StandardEngine  : Starting Servlet engine: [Apache Tomcat/9.0.56]
2023-02-23 12:06:10.153  INFO 2816 --- [restartedMain] o.a.c.c.C.[Tomcat].[localhost].[/]       : Initializing Spring embedded WebApplicationContext
2023-02-23 12:06:10.153  INFO 2816 --- [restartedMain] w.s.c.ServletWebServerApplicationContext : Root WebApplicationContext: initialization completed in 3070 ms
2023-02-23 12:06:10.379  INFO 2816 --- [restartedMain] o.hibernate.jpa.internal.util.LogHelper  : HHH000204: Processing PersistenceUnitInfo [name: default]
2023-02-23 12:06:10.475  INFO 2816 --- [restartedMain] org.hibernate.Version                    : HHH000412: Hibernate ORM core version 5.6.3.Final
2023-02-23 12:06:10.737  INFO 2816 --- [restartedMain] o.hibernate.annotations.common.Version   : HCANN000001: Hibernate Commons Annotations {5.1.2.Final}
2023-02-23 12:06:10.860  INFO 2816 --- [restartedMain] com.zaxxer.hikari.HikariDataSource       : HikariPool-1 - Starting...
2023-02-23 12:06:11.122  INFO 2816 --- [restartedMain] com.zaxxer.hikari.HikariDataSource       : HikariPool-1 - Start completed.
2023-02-23 12:06:11.154  INFO 2816 --- [restartedMain] org.hibernate.dialect.Dialect            : HHH000400: Using dialect: org.hibernate.dialect.MySQL5Dialect
2023-02-23 12:06:12.117  INFO 2816 --- [restartedMain] o.h.e.t.j.p.i.JtaPlatformInitiator       : HHH000490: Using JtaPlatform implementation: [org.hibernate.engine.transaction.jta.platform.internal.NoJtaPlatform]
2023-02-23 12:06:12.131  INFO 2816 --- [restartedMain] j.LocalContainerEntityManagerFactoryBean : Initialized JPA EntityManagerFactory for persistence unit 'default'
2023-02-23 12:06:12.645  WARN 2816 --- [restartedMain] JpaBaseConfiguration$JpaWebConfiguration : spring.jpa.open-in-view is enabled by default. Therefore, database queries may be performed during view rendering. Explicitly configure spring.jpa.open-in-view to disable this warning
2023-02-23 12:06:13.921  INFO 2816 --- [restartedMain] o.s.cloud.commons.util.InetUtils         : Cannot determine local hostname
2023-02-23 12:06:14.094  INFO 2816 --- [restartedMain] o.s.s.web.DefaultSecurityFilterChain     : Will secure any request with [org.springframework.security.web.context.request.async.WebAsyncManagerIntegrationFilter@20c91041, org.springframework.security.web.context.SecurityContextPersistenceFilter@72637c59, org.springframework.security.web.header.HeaderWriterFilter@27449962, org.springframework.security.web.authentication.logout.LogoutFilter@53c6a402, com.pws.employee.security.jwt.config.JwtFilter@6c2a360d, org.springframework.security.web.savedrequest.RequestCacheAwareFilter@5f0e0fa, org.springframework.security.web.servletapi.SecurityContextHolderAwareRequestFilter@2c1f2ce2, org.springframework.security.web.authentication.AnonymousAuthenticationFilter@1ac1116f, org.springframework.security.web.session.SessionManagementFilter@29832a9, org.springframework.security.web.access.ExceptionTranslationFilter@2f961ae0, org.springframework.security.web.access.intercept.FilterSecurityInterceptor@afa1794]
2023-02-23 12:06:15.610  WARN 2816 --- [restartedMain] o.s.b.d.a.OptionalLiveReloadServer       : Unable to start LiveReload server
2023-02-23 12:06:15.625  INFO 2816 --- [restartedMain] DiscoveryClientOptionalArgsConfiguration : Eureka HTTP Client uses RestTemplate.
2023-02-23 12:06:16.786  INFO 2816 --- [restartedMain] o.s.cloud.commons.util.InetUtils         : Cannot determine local hostname
2023-02-23 12:06:17.873  INFO 2816 --- [restartedMain] o.s.cloud.commons.util.InetUtils         : Cannot determine local hostname
2023-02-23 12:06:17.925  WARN 2816 --- [restartedMain] iguration$LoadBalancerCaffeineWarnLogger : Spring Cloud LoadBalancer is currently working with the default cache. You can switch to using Caffeine cache, by adding it and org.springframework.cache.caffeine.CaffeineCacheManager to the classpath.
2023-02-23 12:06:17.944  INFO 2816 --- [restartedMain] o.s.c.n.eureka.InstanceInfoFactory       : Setting initial instance status as: STARTING
2023-02-23 12:06:18.055  INFO 2816 --- [restartedMain] com.netflix.discovery.DiscoveryClient    : Initializing Eureka in region us-east-1
2023-02-23 12:06:18.061  INFO 2816 --- [restartedMain] c.n.d.s.r.aws.ConfigClusterResolver      : Resolving eureka endpoints via configuration
2023-02-23 12:06:18.087  INFO 2816 --- [restartedMain] com.netflix.discovery.DiscoveryClient    : Disable delta property : false
2023-02-23 12:06:18.087  INFO 2816 --- [restartedMain] com.netflix.discovery.DiscoveryClient    : Single vip registry refresh property : null
2023-02-23 12:06:18.087  INFO 2816 --- [restartedMain] com.netflix.discovery.DiscoveryClient    : Force full registry fetch : false
2023-02-23 12:06:18.087  INFO 2816 --- [restartedMain] com.netflix.discovery.DiscoveryClient    : Application is null : false
2023-02-23 12:06:18.088  INFO 2816 --- [restartedMain] com.netflix.discovery.DiscoveryClient    : Registered Applications size is zero : true
2023-02-23 12:06:18.088  INFO 2816 --- [restartedMain] com.netflix.discovery.DiscoveryClient    : Application version is -1: true
2023-02-23 12:06:18.088  INFO 2816 --- [restartedMain] com.netflix.discovery.DiscoveryClient    : Getting all instance registry info from the eureka server
2023-02-23 12:06:18.390  INFO 2816 --- [restartedMain] com.netflix.discovery.DiscoveryClient    : The response status is 200
2023-02-23 12:06:18.393  INFO 2816 --- [restartedMain] com.netflix.discovery.DiscoveryClient    : Starting heartbeat executor: renew interval is: 30
2023-02-23 12:06:18.396  INFO 2816 --- [restartedMain] c.n.discovery.InstanceInfoReplicator     : InstanceInfoReplicator onDemand update allowed rate per min is 4
2023-02-23 12:06:18.402  INFO 2816 --- [restartedMain] com.netflix.discovery.DiscoveryClient    : Discovery Client initialized at timestamp 1677134178401 with initial instances count: 3
2023-02-23 12:06:18.404  INFO 2816 --- [restartedMain] o.s.c.n.e.s.EurekaServiceRegistry        : Registering application EMPLOYEE-SERVICE with eureka with status UP
2023-02-23 12:06:18.405  INFO 2816 --- [restartedMain] com.netflix.discovery.DiscoveryClient    : Saw local status change event StatusChangeEvent [timestamp=1677134178405, current=UP, previous=STARTING]
2023-02-23 12:06:18.406  INFO 2816 --- [DiscoveryClient-InstanceInfoReplicator-0] com.netflix.discovery.DiscoveryClient    : DiscoveryClient_EMPLOYEE-SERVICE/localhost:Employee-service:8091: registering service...
2023-02-23 12:06:18.432  INFO 2816 --- [restartedMain] o.s.b.w.embedded.tomcat.TomcatWebServer  : Tomcat started on port(s): 8091 (http) with context path ''
2023-02-23 12:06:18.433  INFO 2816 --- [restartedMain] .s.c.n.e.s.EurekaAutoServiceRegistration : Updating port to 8091
2023-02-23 12:06:18.454  INFO 2816 --- [DiscoveryClient-InstanceInfoReplicator-0] com.netflix.discovery.DiscoveryClient    : DiscoveryClient_EMPLOYEE-SERVICE/localhost:Employee-service:8091 - registration status: 204
2023-02-23 12:06:19.518  INFO 2816 --- [restartedMain] o.s.cloud.commons.util.InetUtils         : Cannot determine local hostname
2023-02-23 12:06:20.577  INFO 2816 --- [restartedMain] o.s.cloud.commons.util.InetUtils         : Cannot determine local hostname
2023-02-23 12:06:20.592  INFO 2816 --- [restartedMain] com.pws.employee.EmployeeApplication     : Started EmployeeApplication in 15.203 seconds (JVM running for 15.932)
2023-02-23 12:11:18.094  INFO 2816 --- [AsyncResolver-bootstrap-executor-0] c.n.d.s.r.aws.ConfigClusterResolver      : Resolving eureka endpoints via configuration
2023-02-23 12:16:18.097  INFO 2816 --- [AsyncResolver-bootstrap-executor-0] c.n.d.s.r.aws.ConfigClusterResolver      : Resolving eureka endpoints via configuration
2023-02-23 12:21:18.099  INFO 2816 --- [AsyncResolver-bootstrap-executor-0] c.n.d.s.r.aws.ConfigClusterResolver      : Resolving eureka endpoints via configuration
